<?xml version="1.0" encoding="UTF-8"?>
<testsuite name="IPAddresses.IPAddressesTest" tests="1" skipped="0" failures="0" errors="0" timestamp="2019-07-18T22:40:31" hostname="Alecs-MacBook-Pro-22597.local" time="0.156">
  <properties/>
  <testcase name="testcase4" classname="IPAddresses.IPAddressesTest" time="0.156"/>
  <system-out><![CDATA[]]></system-out>
  <system-err><![CDATA[]]></system-err>
</testsuite>
